<?xml version="1.0" encoding="UTF-8"?>
<testng-results ignored="0" total="1" passed="1" failed="0" skipped="0">
  <reporter-output>
  </reporter-output>
  <suite started-at="2022-10-12T12:53:13 IST" name="Default suite" finished-at="2022-10-12T12:53:19 IST" duration-ms="5962">
    <groups>
    </groups>
    <test started-at="2022-10-12T12:53:13 IST" name="Default test" finished-at="2022-10-12T12:53:19 IST" duration-ms="5962">
      <class name="testngframework.HrmLogin">
        <test-method signature="login()[pri:0, instance:testngframework.HrmLogin@2f8dad04]" started-at="2022-10-12T12:53:13 IST" name="login" finished-at="2022-10-12T12:53:19 IST" duration-ms="5931" status="PASS">
          <reporter-output>
          </reporter-output>
        </test-method> <!-- login -->
      </class> <!-- testngframework.HrmLogin -->
    </test> <!-- Default test -->
  </suite> <!-- Default suite -->
</testng-results>
